<?xml version="1.0" encoding="UTF-8"?>
<!-- Generated by org.testng.reporters.JUnitXMLReporter -->
<testsuite ignored="0" hostname="vivobook-asuslaptop-x512flc-x512fl" failures="0" tests="3" name="Default test" time="34.482" errors="0" timestamp="2023-11-06T17:57:39 IST">
  <testcase classname="Bug.HSB_82.Goto_Bug" name="Login" time="24.27"/>
  <testcase classname="Bug.HSB_82.Goto_Bug" name="table" time="2.417"/>
  <testcase classname="Bug.HSB_82.Goto_Bug" name="Brain_Id" time="6.884"/>
</testsuite> <!-- Default test -->
