<?xml version="1.0" encoding="UTF-8"?>
<testng-results ignored="0" total="3" passed="3" failed="0" skipped="0">
  <reporter-output>
  </reporter-output>
  <suite started-at="2023-11-06T17:57:04 IST" name="Default suite" finished-at="2023-11-06T17:57:39 IST" duration-ms="34482">
    <groups>
    </groups>
    <test started-at="2023-11-06T17:57:04 IST" name="Default test" finished-at="2023-11-06T17:57:39 IST" duration-ms="34482">
      <class name="Bug.HSB_82.Goto_Bug">
        <test-method is-config="true" signature="setup()[pri:0, instance:Bug.HSB_82.Goto_Bug@5fbdfdcf]" started-at="2023-11-06T17:57:04 IST" name="setup" finished-at="2023-11-06T17:57:05 IST" duration-ms="785" status="PASS">
          <reporter-output>
          </reporter-output>
        </test-method> <!-- setup -->
        <test-method signature="Login()[pri:1, instance:Bug.HSB_82.Goto_Bug@5fbdfdcf]" started-at="2023-11-06T17:57:05 IST" name="Login" finished-at="2023-11-06T17:57:29 IST" duration-ms="24270" status="PASS">
          <reporter-output>
          </reporter-output>
        </test-method> <!-- Login -->
        <test-method signature="table()[pri:2, instance:Bug.HSB_82.Goto_Bug@5fbdfdcf]" started-at="2023-11-06T17:57:29 IST" name="table" finished-at="2023-11-06T17:57:32 IST" duration-ms="2417" status="PASS">
          <reporter-output>
          </reporter-output>
        </test-method> <!-- table -->
        <test-method signature="Brain_Id()[pri:3, instance:Bug.HSB_82.Goto_Bug@5fbdfdcf]" started-at="2023-11-06T17:57:32 IST" name="Brain_Id" finished-at="2023-11-06T17:57:39 IST" duration-ms="6884" status="PASS">
          <reporter-output>
          </reporter-output>
        </test-method> <!-- Brain_Id -->
        <test-method is-config="true" signature="tearDown()[pri:0, instance:Bug.HSB_82.Goto_Bug@5fbdfdcf]" started-at="2023-11-06T17:57:39 IST" name="tearDown" finished-at="2023-11-06T17:57:39 IST" duration-ms="100" status="PASS">
          <reporter-output>
          </reporter-output>
        </test-method> <!-- tearDown -->
      </class> <!-- Bug.HSB_82.Goto_Bug -->
    </test> <!-- Default test -->
  </suite> <!-- Default suite -->
</testng-results>
